Code/UI Code/AndroidPubSub/build/outputs/logs/manifest-merger-debug-report.txt
-- Merging decision tree log ---
manifest
ADDED from aws-sdk-android-samples/AndroidPubSub/AndroidManifest.xml:2:1-30:12
INJECTED from aws-sdk-android-samples/AndroidPubSub/AndroidManifest.xml:2:1-30:12
INJECTED from aws-sdk-android-samples/AndroidPubSub/AndroidManifest.xml:2:1-30:12
MERGED from [com.android.support:appcompat-v7:24.2.1] AndroidManifest.xml:17:1-27:12
MERGED from [com.android.support:support-v4:24.2.1] AndroidManifest.xml:17:1-27:12
MERGED from [com.android.support:animated-vector-drawable:24.2.1] AndroidManifest.xml:17:1-24:12
MERGED from [com.android.support:support-vector-drawable:24.2.1] AndroidManifest.xml:17:1-25:12
MERGED from [com.android.support:support-fragment:24.2.1] AndroidManifest.xml:17:1-27:12
MERGED from [com.android.support:support-media-compat:24.2.1] AndroidManifest.xml:17:1-27:12
MERGED from [com.android.support:support-core-utils:24.2.1] AndroidManifest.xml:17:1-27:12
MERGED from [com.android.support:support-core-ui:24.2.1] AndroidManifest.xml:17:1-27:12
MERGED from [com.android.support:support-compat:24.2.1] AndroidManifest.xml:17:1-27:12
INJECTED from aws-sdk-android-samples/AndroidPubSub/AndroidManifest.xml:2:1-30:12
INJECTED from aws-sdk-android-samples/AndroidPubSub/AndroidManifest.xml:2:1-30:12
	package
		ADDED from aws-sdk-android-samples/AndroidPubSub/AndroidManifest.xml:3:5-47
	android:versionName
		ADDED from aws-sdk-android-samples/AndroidPubSub/AndroidManifest.xml:5:5-30
		INJECTED from aws-sdk-android-samples/AndroidPubSub/AndroidManifest.xml
		INJECTED from aws-sdk-android-samples/AndroidPubSub/AndroidManifest.xml
	xmlns:android
		ADDED from aws-sdk-android-samples/AndroidPubSub/AndroidManifest.xml:2:11-69
	android:versionCode
		ADDED from aws-sdk-android-samples/AndroidPubSub/AndroidManifest.xml:4:5-28
		INJECTED from aws-sdk-android-samples/AndroidPubSub/AndroidManifest.xml
		INJECTED from aws-sdk-android-samples/AndroidPubSub/AndroidManifest.xml
uses-sdk
ADDED from aws-sdk-android-samples/AndroidPubSub/AndroidManifest.xml:7:5-9:41
INJECTED from aws-sdk-android-samples/AndroidPubSub/AndroidManifest.xml:7:5-9:41
INJECTED from aws-sdk-android-samples/AndroidPubSub/AndroidManifest.xml:7:5-9:41
MERGED from [com.android.support:appcompat-v7:24.2.1] AndroidManifest.xml:21:5-23:78
MERGED from [com.android.support:appcompat-v7:24.2.1] AndroidManifest.xml:21:5-23:78
MERGED from [com.android.support:support-v4:24.2.1] AndroidManifest.xml:21:5-23:54
MERGED from [com.android.support:support-v4:24.2.1] AndroidManifest.xml:21:5-23:54
MERGED from [com.android.support:animated-vector-drawable:24.2.1] AndroidManifest.xml:20:5-44
MERGED from [com.android.support:animated-vector-drawable:24.2.1] AndroidManifest.xml:20:5-44
MERGED from [com.android.support:support-vector-drawable:24.2.1] AndroidManifest.xml:21:5-43
MERGED from [com.android.support:support-vector-drawable:24.2.1] AndroidManifest.xml:21:5-43
MERGED from [com.android.support:support-fragment:24.2.1] AndroidManifest.xml:21:5-23:60
MERGED from [com.android.support:support-fragment:24.2.1] AndroidManifest.xml:21:5-23:60
MERGED from [com.android.support:support-media-compat:24.2.1] AndroidManifest.xml:21:5-23:63
MERGED from [com.android.support:support-media-compat:24.2.1] AndroidManifest.xml:21:5-23:63
MERGED from [com.android.support:support-core-utils:24.2.1] AndroidManifest.xml:21:5-23:61
MERGED from [com.android.support:support-core-utils:24.2.1] AndroidManifest.xml:21:5-23:61
MERGED from [com.android.support:support-core-ui:24.2.1] AndroidManifest.xml:21:5-23:58
MERGED from [com.android.support:support-core-ui:24.2.1] AndroidManifest.xml:21:5-23:58
MERGED from [com.android.support:support-compat:24.2.1] AndroidManifest.xml:21:5-23:58
MERGED from [com.android.support:support-compat:24.2.1] AndroidManifest.xml:21:5-23:58
INJECTED from aws-sdk-android-samples/AndroidPubSub/AndroidManifest.xml:7:5-9:41
INJECTED from aws-sdk-android-samples/AndroidPubSub/AndroidManifest.xml:7:5-9:41
	tools:overrideLibrary
		ADDED from [com.android.support:appcompat-v7:24.2.1] AndroidManifest.xml:23:9-75
	android:targetSdkVersion
		ADDED from aws-sdk-android-samples/AndroidPubSub/AndroidManifest.xml:9:9-38
		INJECTED from aws-sdk-android-samples/AndroidPubSub/AndroidManifest.xml
		INJECTED from aws-sdk-android-samples/AndroidPubSub/AndroidManifest.xml
	android:minSdkVersion
		ADDED from aws-sdk-android-samples/AndroidPubSub/AndroidManifest.xml:8:9-35
		INJECTED from aws-sdk-android-samples/AndroidPubSub/AndroidManifest.xml
		INJECTED from aws-sdk-android-samples/AndroidPubSub/AndroidManifest.xml
uses-permission#android.permission.ACCESS_COARSE_LOCATION
ADDED from aws-sdk-android-samples/AndroidPubSub/AndroidManifest.xml:11:5-80
	android:name
		ADDED from aws-sdk-android-samples/AndroidPubSub/AndroidManifest.xml:11:22-78
uses-permission#android.permission.ACCESS_FINE_LOCATION
ADDED from aws-sdk-android-samples/AndroidPubSub/AndroidManifest.xml:12:5-78
	android:name
		ADDED from aws-sdk-android-samples/AndroidPubSub/AndroidManifest.xml:12:22-76
uses-permission#android.permission.ACCESS_WIFI_STATE
ADDED from aws-sdk-android-samples/AndroidPubSub/AndroidManifest.xml:13:5-75
	android:name
		ADDED from aws-sdk-android-samples/AndroidPubSub/AndroidManifest.xml:13:22-73
uses-permission#android.permission.CHANGE_WIFI_STATE
ADDED from aws-sdk-android-samples/AndroidPubSub/AndroidManifest.xml:14:5-75
	android:name
		ADDED from aws-sdk-android-samples/AndroidPubSub/AndroidManifest.xml:14:22-73
uses-permission#android.permission.INTERNET
ADDED from aws-sdk-android-samples/AndroidPubSub/AndroidManifest.xml:15:5-67
	android:name
		ADDED from aws-sdk-android-samples/AndroidPubSub/AndroidManifest.xml:15:22-64
application
ADDED from aws-sdk-android-samples/AndroidPubSub/AndroidManifest.xml:17:5-28:19
MERGED from [com.android.support:appcompat-v7:24.2.1] AndroidManifest.xml:25:5-20
MERGED from [com.android.support:appcompat-v7:24.2.1] AndroidManifest.xml:25:5-20
MERGED from [com.android.support:support-v4:24.2.1] AndroidManifest.xml:25:5-20
MERGED from [com.android.support:support-v4:24.2.1] AndroidManifest.xml:25:5-20
MERGED from [com.android.support:animated-vector-drawable:24.2.1] AndroidManifest.xml:22:5-20
MERGED from [com.android.support:animated-vector-drawable:24.2.1] AndroidManifest.xml:22:5-20
MERGED from [com.android.support:support-vector-drawable:24.2.1] AndroidManifest.xml:23:5-20
MERGED from [com.android.support:support-vector-drawable:24.2.1] AndroidManifest.xml:23:5-20
MERGED from [com.android.support:support-fragment:24.2.1] AndroidManifest.xml:25:5-20
MERGED from [com.android.support:support-fragment:24.2.1] AndroidManifest.xml:25:5-20
MERGED from [com.android.support:support-media-compat:24.2.1] AndroidManifest.xml:25:5-20
MERGED from [com.android.support:support-media-compat:24.2.1] AndroidManifest.xml:25:5-20
MERGED from [com.android.support:support-core-utils:24.2.1] AndroidManifest.xml:25:5-20
MERGED from [com.android.support:support-core-utils:24.2.1] AndroidManifest.xml:25:5-20
MERGED from [com.android.support:support-core-ui:24.2.1] AndroidManifest.xml:25:5-20
MERGED from [com.android.support:support-core-ui:24.2.1] AndroidManifest.xml:25:5-20
MERGED from [com.android.support:support-compat:24.2.1] AndroidManifest.xml:25:5-20
MERGED from [com.android.support:support-compat:24.2.1] AndroidManifest.xml:25:5-20
	android:label
		ADDED from aws-sdk-android-samples/AndroidPubSub/AndroidManifest.xml:20:9-41
	android:icon
		ADDED from aws-sdk-android-samples/AndroidPubSub/AndroidManifest.xml:19:9-45
	android:allowBackup
		ADDED from aws-sdk-android-samples/AndroidPubSub/AndroidManifest.xml:18:9-35
activity#com.amazonaws.demo.androidpubsub.PubSubActivity
ADDED from aws-sdk-android-samples/AndroidPubSub/AndroidManifest.xml:21:9-27:20
	android:name
		ADDED from aws-sdk-android-samples/AndroidPubSub/AndroidManifest.xml:21:19-81
intent-filter#action:name:android.intent.action.MAIN+category:name:android.intent.category.LAUNCHER
ADDED from aws-sdk-android-samples/AndroidPubSub/AndroidManifest.xml:22:13-26:29
action#android.intent.action.MAIN
ADDED from aws-sdk-android-samples/AndroidPubSub/AndroidManifest.xml:23:17-69
	android:name
		ADDED from aws-sdk-android-samples/AndroidPubSub/AndroidManifest.xml:23:25-66
category#android.intent.category.LAUNCHER
ADDED from aws-sdk-android-samples/AndroidPubSub/AndroidManifest.xml:25:17-77
	android:name
		ADDED from aws-sdk-android-samples/AndroidPubSub/AndroidManifest.xml:25:27-74